Added Component: Designator=FB7(CHOKE0603)
Add component (AddParameter): Name = "Case/Size Code"; Value = "0603"; VariantName = "[No Variations]"
Add component (AddParameter): Name = "Category"; Value = "Ferrites for PCB Assembly"; VariantName = "[No Variations]"
Add component (AddParameter): Name = "ComponentLink1Description"; Value = "Website Link"; VariantName = "[No Variations]"
Add component (AddParameter): Name = "ComponentLink1URL"; Value = "https://www.we-online.com/redexpert/article/742863160?ad"; VariantName = "[No Variations]"
Add component (AddParameter): Name = "ComponentLink2Description"; Value = "Datasheet Link"; VariantName = "[No Variations]"
Add component (AddParameter): Name = "ComponentLink2URL"; Value = "https://www.we-online.com/redexpert/spec/742863160?ad"; VariantName = "[No Variations]"
Add component (AddParameter): Name = "DC Resistance"; Value = "0.22Ohm"; VariantName = "[No Variations]"
Add component (AddParameter): Name = "Height"; Value = "0.8mm"; VariantName = "[No Variations]"
Add component (AddParameter): Name = "Impedance @1GHz"; Value = "800Ohm"; VariantName = "[No Variations]"
Add component (AddParameter): Name = "Impedance @100MHz"; Value = "600Ohm"; VariantName = "[No Variations]"
Add component (AddParameter): Name = "Impedance Max"; Value = "950Ohm"; VariantName = "[No Variations]"
Add component (AddParameter): Name = "Impedance Max Test Condition"; Value = "600MHz"; VariantName = "[No Variations]"
Add component (AddParameter): Name = "Length"; Value = "1.6mm"; VariantName = "[No Variations]"
Add component (AddParameter): Name = "Manufacturer"; Value = "Wurth Elektronik"; VariantName = "[No Variations]"
Add component (AddParameter): Name = "Manufacturer Part Number"; Value = "742863160"; VariantName = "[No Variations]"
Add component (AddParameter): Name = "Match Code"; Value = "WE-CBF HF"; VariantName = "[No Variations]"
Add component (AddParameter): Name = "Mount"; Value = "Surface Mount"; VariantName = "[No Variations]"
Add component (AddParameter): Name = "Operating Temperature Max"; Value = "125°C"; VariantName = "[No Variations]"
Add component (AddParameter): Name = "Operating Temperature Min"; Value = "-55°C"; VariantName = "[No Variations]"
Add component (AddParameter): Name = "Packaging"; Value = "Tape and Reel"; VariantName = "[No Variations]"
Add component (AddParameter): Name = "Rated Current"; Value = "0.5A"; VariantName = "[No Variations]"
Add component (AddParameter): Name = "Type"; Value = "High Current"; VariantName = "[No Variations]"
Add component (AddParameter): Name = "Width"; Value = "0.8mm"; VariantName = "[No Variations]"
Added Pin To Net: NetName=GND Pin=FB7-1
Added Pin To Net: NetName=NetFB5_2 Pin=FB7-2
Add Pin To Net: Unknown Pin: Pin J2-1
Add Pin To Net: Unknown Pin: Pin J2-2
Add Pin To Net: Unknown Pin: Pin J2-3
Add Pin To Net: Unknown Pin: Pin J2-5
Add Pin To Net: Unknown Pin: Pin J2-6
Add Pin To Net: Unknown Pin: Pin J3-Shell
Add Pin To Net: Unknown Pin: Pin J5-1
Add Pin To Net: Unknown Pin: Pin J5-2
Add Pin To Net: Unknown Pin: Pin J5-3
Add Pin To Net: Unknown Pin: Pin J5-4
Add Pin To Net: Unknown Pin: Pin J5-5
Add Pin To Net: Unknown Pin: Pin J5-6
Add Pin To Net: Unknown Pin: Pin J6-1
Add Pin To Net: Unknown Pin: Pin J6-2
Add Pin To Net: Unknown Pin: Pin J6-3
Add Pin To Net: Unknown Pin: Pin J6-4
Add Pin To Net: Unknown Pin: Pin J6-5
Add Pin To Net: Unknown Pin: Pin J6-6
Add Pin To Net: Unknown Pin: Pin J7-SH5
Add Pin To Net: Unknown Pin: Pin U4-39_10
Add Pin To Net: Unknown Pin: Pin U4-39_11
Add Pin To Net: Unknown Pin: Pin U4-39_12
Add Pin To Net: Unknown Pin: Pin U4-39_13
Add Pin To Net: Unknown Pin: Pin U4-39_14
Add Pin To Net: Unknown Pin: Pin U4-39_15
Add Pin To Net: Unknown Pin: Pin U4-39_16
Add Pin To Net: Unknown Pin: Pin U4-39_17
Add Pin To Net: Unknown Pin: Pin U4-39_18
Add Pin To Net: Unknown Pin: Pin U4-39_19
Add Pin To Net: Unknown Pin: Pin U4-39_20
Add Pin To Net: Unknown Pin: Pin U4-39_21
Added Member To Class: ClassName=Comunicación RS485 Member=Component FB7 Choke
