Added Component: Designator=BT1(KEYSTONE_1063TR_1063TR)
Add component (AddParameter): Name = "Check_prices"; Value = "https://www.snapeda.com/parts/BAT-HLD-011-THM/TE+Connectivity/view-part/?ref=eda"; VariantName = "[No Variations]"
Add component (AddParameter): Name = "JLCPCB P/N"; Value = "C238070"; VariantName = "[No Variations]"
Add component (AddParameter): Name = "MANUF P/N"; Value = "1061"; VariantName = "[No Variations]"
Add component (AddParameter): Name = "MF"; Value = "TE Connectivity"; VariantName = "[No Variations]"
Add component (AddParameter): Name = "MP"; Value = "BAT-HLD-011-THM"; VariantName = "[No Variations]"
Add component (AddParameter): Name = "Package"; Value = "None"; VariantName = "[No Variations]"
Add component (AddParameter): Name = "SnapEDA_Link"; Value = "https://www.snapeda.com/parts/BAT-HLD-011-THM/TE+Connectivity/view-part/?ref=snap"; VariantName = "[No Variations]"
Add component (AddParameter): Name = "Value"; Value = ""; VariantName = "[No Variations]"
Added Pin To Net: NetName=GND Pin=BT1-N
Added Pin To Net: NetName=NetBT1_P Pin=BT1-P
Add Pin To Net: Unknown Pin: Pin J2-1
Add Pin To Net: Unknown Pin: Pin J2-2
Add Pin To Net: Unknown Pin: Pin J2-3
Add Pin To Net: Unknown Pin: Pin J2-5
Add Pin To Net: Unknown Pin: Pin J2-6
Add Pin To Net: Unknown Pin: Pin J3-Shell
Add Pin To Net: Unknown Pin: Pin J5-1
Add Pin To Net: Unknown Pin: Pin J5-2
Add Pin To Net: Unknown Pin: Pin J5-3
Add Pin To Net: Unknown Pin: Pin J5-4
Add Pin To Net: Unknown Pin: Pin J5-5
Add Pin To Net: Unknown Pin: Pin J5-6
Add Pin To Net: Unknown Pin: Pin J6-1
Add Pin To Net: Unknown Pin: Pin J6-2
Add Pin To Net: Unknown Pin: Pin J6-3
Add Pin To Net: Unknown Pin: Pin J6-4
Add Pin To Net: Unknown Pin: Pin J6-5
Add Pin To Net: Unknown Pin: Pin J6-6
Add Pin To Net: Unknown Pin: Pin J7-SH1
Add Pin To Net: Unknown Pin: Pin J7-SH2
Add Pin To Net: Unknown Pin: Pin J7-SH3
Add Pin To Net: Unknown Pin: Pin J7-SH4
Add Pin To Net: Unknown Pin: Pin J7-SH5
Add Pin To Net: Unknown Pin: Pin U4-39_10
Add Pin To Net: Unknown Pin: Pin U4-39_11
Add Pin To Net: Unknown Pin: Pin U4-39_12
Add Pin To Net: Unknown Pin: Pin U4-39_13
Add Pin To Net: Unknown Pin: Pin U4-39_14
Add Pin To Net: Unknown Pin: Pin U4-39_15
Add Pin To Net: Unknown Pin: Pin U4-39_16
Add Pin To Net: Unknown Pin: Pin U4-39_17
Add Pin To Net: Unknown Pin: Pin U4-39_18
Add Pin To Net: Unknown Pin: Pin U4-39_19
Add Pin To Net: Unknown Pin: Pin U4-39_20
Add Pin To Net: Unknown Pin: Pin U4-39_21
Added Member To Class: ClassName=Periféricos Member=Component BT1 VBAT = 2.3V to 5.5V
